The system is: Linux - 3.8.3-2-ARCH - i686
Compiling the C compiler identification source file "CMakeCCompilerId.c" succeeded.
Compiler: /usr/bin/cc 
Build flags: 
Id flags: 

The output was:
0


Compilation of the C compiler identification source "CMakeCCompilerId.c" produced "a.out"

The C compiler identification is GNU, found in "/home/andrewb/Documents/spiritedrobotics/server/build/CMakeFiles/2.8.10.2/CompilerIdC/a.out"

Compiling the CXX compiler identification source file "CMakeCXXCompilerId.cpp" succeeded.
Compiler: /usr/bin/c++ 
Build flags: 
Id flags: 

The output was:
0


Compilation of the CXX compiler identification source "CMakeCXXCompilerId.cpp" produced "a.out"

The CXX compiler identification is GNU, found in "/home/andrewb/Documents/spiritedrobotics/server/build/CMakeFiles/2.8.10.2/CompilerIdCXX/a.out"

Determining if the C compiler works passed with the following output:
Change Dir: /home/andrewb/Documents/spiritedrobotics/server/build/CMakeFiles/CMakeTmp

Run Build Command:/usr/bin/make "cmTryCompileExec3772364948/fast"
/usr/bin/make -f CMakeFiles/cmTryCompileExec3772364948.dir/build.make CMakeFiles/cmTryCompileExec3772364948.dir/build
make[1]: Entering directory `/home/andrewb/Documents/spiritedrobotics/server/build/CMakeFiles/CMakeTmp'
/usr/bin/cmake -E cmake_progress_report /home/andrewb/Documents/spiritedrobotics/server/build/CMakeFiles/CMakeTmp/CMakeFiles 1
Building C object CMakeFiles/cmTryCompileExec3772364948.dir/testCCompiler.c.o
/usr/bin/cc    -o CMakeFiles/cmTryCompileExec3772364948.dir/testCCompiler.c.o   -c /home/andrewb/Documents/spiritedrobotics/server/build/CMakeFiles/CMakeTmp/testCCompiler.c
Linking C executable cmTryCompileExec3772364948
/usr/bin/cmake -E cmake_link_script CMakeFiles/cmTryCompileExec3772364948.dir/link.txt --verbose=1
/usr/bin/cc         CMakeFiles/cmTryCompileExec3772364948.dir/testCCompiler.c.o  -o cmTryCompileExec3772364948 -rdynamic 
make[1]: Leaving directory `/home/andrewb/Documents/spiritedrobotics/server/build/CMakeFiles/CMakeTmp'


Detecting C compiler ABI info compiled with the following output:
Change Dir: /home/andrewb/Documents/spiritedrobotics/server/build/CMakeFiles/CMakeTmp

Run Build Command:/usr/bin/make "cmTryCompileExec1843961067/fast"
/usr/bin/make -f CMakeFiles/cmTryCompileExec1843961067.dir/build.make CMakeFiles/cmTryCompileExec1843961067.dir/build
make[1]: Entering directory `/home/andrewb/Documents/spiritedrobotics/server/build/CMakeFiles/CMakeTmp'
/usr/bin/cmake -E cmake_progress_report /home/andrewb/Documents/spiritedrobotics/server/build/CMakeFiles/CMakeTmp/CMakeFiles 1
Building C object CMakeFiles/cmTryCompileExec1843961067.dir/CMakeCCompilerABI.c.o
/usr/bin/cc    -o CMakeFiles/cmTryCompileExec1843961067.dir/CMakeCCompilerABI.c.o   -c /usr/share/cmake-2.8/Modules/CMakeCCompilerABI.c
Linking C executable cmTryCompileExec1843961067
/usr/bin/cmake -E cmake_link_script CMakeFiles/cmTryCompileExec1843961067.dir/link.txt --verbose=1
/usr/bin/cc       -v CMakeFiles/cmTryCompileExec1843961067.dir/CMakeCCompilerABI.c.o  -o cmTryCompileExec1843961067 -rdynamic  
Using built-in specs.
COLLECT_GCC=/usr/bin/cc
COLLECT_LTO_WRAPPER=/usr/lib/gcc/i686-pc-linux-gnu/4.7.2/lto-wrapper
Target: i686-pc-linux-gnu
Configured with: /build/src/gcc-4.7.2/configure --prefix=/usr --libdir=/usr/lib --libexecdir=/usr/lib --mandir=/usr/share/man --infodir=/usr/share/info --with-bugurl=https://bugs.archlinux.org/ --enable-languages=c,c++,ada,fortran,go,lto,objc,obj-c++ --enable-shared --enable-threads=posix --with-system-zlib --enable-__cxa_atexit --disable-libunwind-exceptions --enable-clocale=gnu --disable-libstdcxx-pch --enable-libstdcxx-time --enable-gnu-unique-object --enable-linker-build-id --with-ppl --enable-cloog-backend=isl --disable-ppl-version-check --disable-cloog-version-check --enable-lto --enable-gold --enable-ld=default --enable-plugin --with-plugin-ld=ld.gold --with-linker-hash-style=gnu --disable-multilib --disable-libssp --disable-build-with-cxx --disable-build-poststage1-with-cxx --enable-checking=release
Thread model: posix
gcc version 4.7.2 (GCC) 
COMPILER_PATH=/usr/lib/gcc/i686-pc-linux-gnu/4.7.2/:/usr/lib/gcc/i686-pc-linux-gnu/4.7.2/:/usr/lib/gcc/i686-pc-linux-gnu/:/usr/lib/gcc/i686-pc-linux-gnu/4.7.2/:/usr/lib/gcc/i686-pc-linux-gnu/
LIBRARY_PATH=/usr/lib/gcc/i686-pc-linux-gnu/4.7.2/:/usr/lib/gcc/i686-pc-linux-gnu/4.7.2/../../../:/lib/:/usr/lib/
COLLECT_GCC_OPTIONS='-v' '-o' 'cmTryCompileExec1843961067' '-rdynamic' '-mtune=generic' '-march=pentiumpro'
 /usr/lib/gcc/i686-pc-linux-gnu/4.7.2/collect2 --build-id --eh-frame-hdr --hash-style=gnu -m elf_i386 -export-dynamic -dynamic-linker /lib/ld-linux.so.2 -o cmTryCompileExec1843961067 /usr/lib/gcc/i686-pc-linux-gnu/4.7.2/../../../crt1.o /usr/lib/gcc/i686-pc-linux-gnu/4.7.2/../../../crti.o /usr/lib/gcc/i686-pc-linux-gnu/4.7.2/crtbegin.o -L/usr/lib/gcc/i686-pc-linux-gnu/4.7.2 -L/usr/lib/gcc/i686-pc-linux-gnu/4.7.2/../../.. CMakeFiles/cmTryCompileExec1843961067.dir/CMakeCCompilerABI.c.o -lgcc --as-needed -lgcc_s --no-as-needed -lc -lgcc --as-needed -lgcc_s --no-as-needed /usr/lib/gcc/i686-pc-linux-gnu/4.7.2/crtend.o /usr/lib/gcc/i686-pc-linux-gnu/4.7.2/../../../crtn.o
make[1]: Leaving directory `/home/andrewb/Documents/spiritedrobotics/server/build/CMakeFiles/CMakeTmp'


Parsed C implicit link information from above output:
  link line regex: [^( *|.*[/\])(ld|ld|collect2)[^/\]*( |$)]
  ignore line: [Change Dir: /home/andrewb/Documents/spiritedrobotics/server/build/CMakeFiles/CMakeTmp]
  ignore line: []
  ignore line: [Run Build Command:/usr/bin/make "cmTryCompileExec1843961067/fast"]
  ignore line: [/usr/bin/make -f CMakeFiles/cmTryCompileExec1843961067.dir/build.make CMakeFiles/cmTryCompileExec1843961067.dir/build]
  ignore line: [make[1]: Entering directory `/home/andrewb/Documents/spiritedrobotics/server/build/CMakeFiles/CMakeTmp']
  ignore line: [/usr/bin/cmake -E cmake_progress_report /home/andrewb/Documents/spiritedrobotics/server/build/CMakeFiles/CMakeTmp/CMakeFiles 1]
  ignore line: [Building C object CMakeFiles/cmTryCompileExec1843961067.dir/CMakeCCompilerABI.c.o]
  ignore line: [/usr/bin/cc    -o CMakeFiles/cmTryCompileExec1843961067.dir/CMakeCCompilerABI.c.o   -c /usr/share/cmake-2.8/Modules/CMakeCCompilerABI.c]
  ignore line: [Linking C executable cmTryCompileExec1843961067]
  ignore line: [/usr/bin/cmake -E cmake_link_script CMakeFiles/cmTryCompileExec1843961067.dir/link.txt --verbose=1]
  ignore line: [/usr/bin/cc       -v CMakeFiles/cmTryCompileExec1843961067.dir/CMakeCCompilerABI.c.o  -o cmTryCompileExec1843961067 -rdynamic  ]
  ignore line: [Using built-in specs.]
  ignore line: [COLLECT_GCC=/usr/bin/cc]
  ignore line: [COLLECT_LTO_WRAPPER=/usr/lib/gcc/i686-pc-linux-gnu/4.7.2/lto-wrapper]
  ignore line: [Target: i686-pc-linux-gnu]
  ignore line: [Configured with: /build/src/gcc-4.7.2/configure --prefix=/usr --libdir=/usr/lib --libexecdir=/usr/lib --mandir=/usr/share/man --infodir=/usr/share/info --with-bugurl=https://bugs.archlinux.org/ --enable-languages=c,c++,ada,fortran,go,lto,objc,obj-c++ --enable-shared --enable-threads=posix --with-system-zlib --enable-__cxa_atexit --disable-libunwind-exceptions --enable-clocale=gnu --disable-libstdcxx-pch --enable-libstdcxx-time --enable-gnu-unique-object --enable-linker-build-id --with-ppl --enable-cloog-backend=isl --disable-ppl-version-check --disable-cloog-version-check --enable-lto --enable-gold --enable-ld=default --enable-plugin --with-plugin-ld=ld.gold --with-linker-hash-style=gnu --disable-multilib --disable-libssp --disable-build-with-cxx --disable-build-poststage1-with-cxx --enable-checking=release]
  ignore line: [Thread model: posix]
  ignore line: [gcc version 4.7.2 (GCC) ]
  ignore line: [COMPILER_PATH=/usr/lib/gcc/i686-pc-linux-gnu/4.7.2/:/usr/lib/gcc/i686-pc-linux-gnu/4.7.2/:/usr/lib/gcc/i686-pc-linux-gnu/:/usr/lib/gcc/i686-pc-linux-gnu/4.7.2/:/usr/lib/gcc/i686-pc-linux-gnu/]
  ignore line: [LIBRARY_PATH=/usr/lib/gcc/i686-pc-linux-gnu/4.7.2/:/usr/lib/gcc/i686-pc-linux-gnu/4.7.2/../../../:/lib/:/usr/lib/]
  ignore line: [COLLECT_GCC_OPTIONS='-v' '-o' 'cmTryCompileExec1843961067' '-rdynamic' '-mtune=generic' '-march=pentiumpro']
  link line: [ /usr/lib/gcc/i686-pc-linux-gnu/4.7.2/collect2 --build-id --eh-frame-hdr --hash-style=gnu -m elf_i386 -export-dynamic -dynamic-linker /lib/ld-linux.so.2 -o cmTryCompileExec1843961067 /usr/lib/gcc/i686-pc-linux-gnu/4.7.2/../../../crt1.o /usr/lib/gcc/i686-pc-linux-gnu/4.7.2/../../../crti.o /usr/lib/gcc/i686-pc-linux-gnu/4.7.2/crtbegin.o -L/usr/lib/gcc/i686-pc-linux-gnu/4.7.2 -L/usr/lib/gcc/i686-pc-linux-gnu/4.7.2/../../.. CMakeFiles/cmTryCompileExec1843961067.dir/CMakeCCompilerABI.c.o -lgcc --as-needed -lgcc_s --no-as-needed -lc -lgcc --as-needed -lgcc_s --no-as-needed /usr/lib/gcc/i686-pc-linux-gnu/4.7.2/crtend.o /usr/lib/gcc/i686-pc-linux-gnu/4.7.2/../../../crtn.o]
    arg [/usr/lib/gcc/i686-pc-linux-gnu/4.7.2/collect2] ==> ignore
    arg [--build-id] ==> ignore
    arg [--eh-frame-hdr] ==> ignore
    arg [--hash-style=gnu] ==> ignore
    arg [-m] ==> ignore
    arg [elf_i386] ==> ignore
    arg [-export-dynamic] ==> ignore
    arg [-dynamic-linker] ==> ignore
    arg [/lib/ld-linux.so.2] ==> ignore
    arg [-o] ==> ignore
    arg [cmTryCompileExec1843961067] ==> ignore
    arg [/usr/lib/gcc/i686-pc-linux-gnu/4.7.2/../../../crt1.o] ==> ignore
    arg [/usr/lib/gcc/i686-pc-linux-gnu/4.7.2/../../../crti.o] ==> ignore
    arg [/usr/lib/gcc/i686-pc-linux-gnu/4.7.2/crtbegin.o] ==> ignore
    arg [-L/usr/lib/gcc/i686-pc-linux-gnu/4.7.2] ==> dir [/usr/lib/gcc/i686-pc-linux-gnu/4.7.2]
    arg [-L/usr/lib/gcc/i686-pc-linux-gnu/4.7.2/../../..] ==> dir [/usr/lib/gcc/i686-pc-linux-gnu/4.7.2/../../..]
    arg [CMakeFiles/cmTryCompileExec1843961067.dir/CMakeCCompilerABI.c.o] ==> ignore
    arg [-lgcc] ==> lib [gcc]
    arg [--as-needed] ==> ignore
    arg [-lgcc_s] ==> lib [gcc_s]
    arg [--no-as-needed] ==> ignore
    arg [-lc] ==> lib [c]
    arg [-lgcc] ==> lib [gcc]
    arg [--as-needed] ==> ignore
    arg [-lgcc_s] ==> lib [gcc_s]
    arg [--no-as-needed] ==> ignore
    arg [/usr/lib/gcc/i686-pc-linux-gnu/4.7.2/crtend.o] ==> ignore
    arg [/usr/lib/gcc/i686-pc-linux-gnu/4.7.2/../../../crtn.o] ==> ignore
  remove lib [gcc]
  remove lib [gcc_s]
  remove lib [gcc]
  remove lib [gcc_s]
  collapse dir [/usr/lib/gcc/i686-pc-linux-gnu/4.7.2] ==> [/usr/lib/gcc/i686-pc-linux-gnu/4.7.2]
  collapse dir [/usr/lib/gcc/i686-pc-linux-gnu/4.7.2/../../..] ==> [/usr/lib]
  implicit libs: [c]
  implicit dirs: [/usr/lib/gcc/i686-pc-linux-gnu/4.7.2;/usr/lib]


Determining if the CXX compiler works passed with the following output:
Change Dir: /home/andrewb/Documents/spiritedrobotics/server/build/CMakeFiles/CMakeTmp

Run Build Command:/usr/bin/make "cmTryCompileExec150344601/fast"
/usr/bin/make -f CMakeFiles/cmTryCompileExec150344601.dir/build.make CMakeFiles/cmTryCompileExec150344601.dir/build
make[1]: Entering directory `/home/andrewb/Documents/spiritedrobotics/server/build/CMakeFiles/CMakeTmp'
/usr/bin/cmake -E cmake_progress_report /home/andrewb/Documents/spiritedrobotics/server/build/CMakeFiles/CMakeTmp/CMakeFiles 1
Building CXX object CMakeFiles/cmTryCompileExec150344601.dir/testCXXCompiler.cxx.o
/usr/bin/c++     -o CMakeFiles/cmTryCompileExec150344601.dir/testCXXCompiler.cxx.o -c /home/andrewb/Documents/spiritedrobotics/server/build/CMakeFiles/CMakeTmp/testCXXCompiler.cxx
Linking CXX executable cmTryCompileExec150344601
/usr/bin/cmake -E cmake_link_script CMakeFiles/cmTryCompileExec150344601.dir/link.txt --verbose=1
/usr/bin/c++          CMakeFiles/cmTryCompileExec150344601.dir/testCXXCompiler.cxx.o  -o cmTryCompileExec150344601 -rdynamic 
make[1]: Leaving directory `/home/andrewb/Documents/spiritedrobotics/server/build/CMakeFiles/CMakeTmp'


Detecting CXX compiler ABI info compiled with the following output:
Change Dir: /home/andrewb/Documents/spiritedrobotics/server/build/CMakeFiles/CMakeTmp

Run Build Command:/usr/bin/make "cmTryCompileExec756898423/fast"
/usr/bin/make -f CMakeFiles/cmTryCompileExec756898423.dir/build.make CMakeFiles/cmTryCompileExec756898423.dir/build
make[1]: Entering directory `/home/andrewb/Documents/spiritedrobotics/server/build/CMakeFiles/CMakeTmp'
/usr/bin/cmake -E cmake_progress_report /home/andrewb/Documents/spiritedrobotics/server/build/CMakeFiles/CMakeTmp/CMakeFiles 1
Building CXX object CMakeFiles/cmTryCompileExec756898423.dir/CMakeCXXCompilerABI.cpp.o
/usr/bin/c++     -o CMakeFiles/cmTryCompileExec756898423.dir/CMakeCXXCompilerABI.cpp.o -c /usr/share/cmake-2.8/Modules/CMakeCXXCompilerABI.cpp
Linking CXX executable cmTryCompileExec756898423
/usr/bin/cmake -E cmake_link_script CMakeFiles/cmTryCompileExec756898423.dir/link.txt --verbose=1
/usr/bin/c++        -v CMakeFiles/cmTryCompileExec756898423.dir/CMakeCXXCompilerABI.cpp.o  -o cmTryCompileExec756898423 -rdynamic  
Using built-in specs.
COLLECT_GCC=/usr/bin/c++
COLLECT_LTO_WRAPPER=/usr/lib/gcc/i686-pc-linux-gnu/4.7.2/lto-wrapper
Target: i686-pc-linux-gnu
Configured with: /build/src/gcc-4.7.2/configure --prefix=/usr --libdir=/usr/lib --libexecdir=/usr/lib --mandir=/usr/share/man --infodir=/usr/share/info --with-bugurl=https://bugs.archlinux.org/ --enable-languages=c,c++,ada,fortran,go,lto,objc,obj-c++ --enable-shared --enable-threads=posix --with-system-zlib --enable-__cxa_atexit --disable-libunwind-exceptions --enable-clocale=gnu --disable-libstdcxx-pch --enable-libstdcxx-time --enable-gnu-unique-object --enable-linker-build-id --with-ppl --enable-cloog-backend=isl --disable-ppl-version-check --disable-cloog-version-check --enable-lto --enable-gold --enable-ld=default --enable-plugin --with-plugin-ld=ld.gold --with-linker-hash-style=gnu --disable-multilib --disable-libssp --disable-build-with-cxx --disable-build-poststage1-with-cxx --enable-checking=release
Thread model: posix
gcc version 4.7.2 (GCC) 
COMPILER_PATH=/usr/lib/gcc/i686-pc-linux-gnu/4.7.2/:/usr/lib/gcc/i686-pc-linux-gnu/4.7.2/:/usr/lib/gcc/i686-pc-linux-gnu/:/usr/lib/gcc/i686-pc-linux-gnu/4.7.2/:/usr/lib/gcc/i686-pc-linux-gnu/
LIBRARY_PATH=/usr/lib/gcc/i686-pc-linux-gnu/4.7.2/:/usr/lib/gcc/i686-pc-linux-gnu/4.7.2/../../../:/lib/:/usr/lib/
COLLECT_GCC_OPTIONS='-v' '-o' 'cmTryCompileExec756898423' '-rdynamic' '-shared-libgcc' '-mtune=generic' '-march=pentiumpro'
 /usr/lib/gcc/i686-pc-linux-gnu/4.7.2/collect2 --build-id --eh-frame-hdr --hash-style=gnu -m elf_i386 -export-dynamic -dynamic-linker /lib/ld-linux.so.2 -o cmTryCompileExec756898423 /usr/lib/gcc/i686-pc-linux-gnu/4.7.2/../../../crt1.o /usr/lib/gcc/i686-pc-linux-gnu/4.7.2/../../../crti.o /usr/lib/gcc/i686-pc-linux-gnu/4.7.2/crtbegin.o -L/usr/lib/gcc/i686-pc-linux-gnu/4.7.2 -L/usr/lib/gcc/i686-pc-linux-gnu/4.7.2/../../.. CMakeFiles/cmTryCompileExec756898423.dir/CMakeCXXCompilerABI.cpp.o -lstdc++ -lm -lgcc_s -lgcc -lc -lgcc_s -lgcc /usr/lib/gcc/i686-pc-linux-gnu/4.7.2/crtend.o /usr/lib/gcc/i686-pc-linux-gnu/4.7.2/../../../crtn.o
make[1]: Leaving directory `/home/andrewb/Documents/spiritedrobotics/server/build/CMakeFiles/CMakeTmp'


Parsed CXX implicit link information from above output:
  link line regex: [^( *|.*[/\])(ld|ld|collect2)[^/\]*( |$)]
  ignore line: [Change Dir: /home/andrewb/Documents/spiritedrobotics/server/build/CMakeFiles/CMakeTmp]
  ignore line: []
  ignore line: [Run Build Command:/usr/bin/make "cmTryCompileExec756898423/fast"]
  ignore line: [/usr/bin/make -f CMakeFiles/cmTryCompileExec756898423.dir/build.make CMakeFiles/cmTryCompileExec756898423.dir/build]
  ignore line: [make[1]: Entering directory `/home/andrewb/Documents/spiritedrobotics/server/build/CMakeFiles/CMakeTmp']
  ignore line: [/usr/bin/cmake -E cmake_progress_report /home/andrewb/Documents/spiritedrobotics/server/build/CMakeFiles/CMakeTmp/CMakeFiles 1]
  ignore line: [Building CXX object CMakeFiles/cmTryCompileExec756898423.dir/CMakeCXXCompilerABI.cpp.o]
  ignore line: [/usr/bin/c++     -o CMakeFiles/cmTryCompileExec756898423.dir/CMakeCXXCompilerABI.cpp.o -c /usr/share/cmake-2.8/Modules/CMakeCXXCompilerABI.cpp]
  ignore line: [Linking CXX executable cmTryCompileExec756898423]
  ignore line: [/usr/bin/cmake -E cmake_link_script CMakeFiles/cmTryCompileExec756898423.dir/link.txt --verbose=1]
  ignore line: [/usr/bin/c++        -v CMakeFiles/cmTryCompileExec756898423.dir/CMakeCXXCompilerABI.cpp.o  -o cmTryCompileExec756898423 -rdynamic  ]
  ignore line: [Using built-in specs.]
  ignore line: [COLLECT_GCC=/usr/bin/c++]
  ignore line: [COLLECT_LTO_WRAPPER=/usr/lib/gcc/i686-pc-linux-gnu/4.7.2/lto-wrapper]
  ignore line: [Target: i686-pc-linux-gnu]
  ignore line: [Configured with: /build/src/gcc-4.7.2/configure --prefix=/usr --libdir=/usr/lib --libexecdir=/usr/lib --mandir=/usr/share/man --infodir=/usr/share/info --with-bugurl=https://bugs.archlinux.org/ --enable-languages=c,c++,ada,fortran,go,lto,objc,obj-c++ --enable-shared --enable-threads=posix --with-system-zlib --enable-__cxa_atexit --disable-libunwind-exceptions --enable-clocale=gnu --disable-libstdcxx-pch --enable-libstdcxx-time --enable-gnu-unique-object --enable-linker-build-id --with-ppl --enable-cloog-backend=isl --disable-ppl-version-check --disable-cloog-version-check --enable-lto --enable-gold --enable-ld=default --enable-plugin --with-plugin-ld=ld.gold --with-linker-hash-style=gnu --disable-multilib --disable-libssp --disable-build-with-cxx --disable-build-poststage1-with-cxx --enable-checking=release]
  ignore line: [Thread model: posix]
  ignore line: [gcc version 4.7.2 (GCC) ]
  ignore line: [COMPILER_PATH=/usr/lib/gcc/i686-pc-linux-gnu/4.7.2/:/usr/lib/gcc/i686-pc-linux-gnu/4.7.2/:/usr/lib/gcc/i686-pc-linux-gnu/:/usr/lib/gcc/i686-pc-linux-gnu/4.7.2/:/usr/lib/gcc/i686-pc-linux-gnu/]
  ignore line: [LIBRARY_PATH=/usr/lib/gcc/i686-pc-linux-gnu/4.7.2/:/usr/lib/gcc/i686-pc-linux-gnu/4.7.2/../../../:/lib/:/usr/lib/]
  ignore line: [COLLECT_GCC_OPTIONS='-v' '-o' 'cmTryCompileExec756898423' '-rdynamic' '-shared-libgcc' '-mtune=generic' '-march=pentiumpro']
  link line: [ /usr/lib/gcc/i686-pc-linux-gnu/4.7.2/collect2 --build-id --eh-frame-hdr --hash-style=gnu -m elf_i386 -export-dynamic -dynamic-linker /lib/ld-linux.so.2 -o cmTryCompileExec756898423 /usr/lib/gcc/i686-pc-linux-gnu/4.7.2/../../../crt1.o /usr/lib/gcc/i686-pc-linux-gnu/4.7.2/../../../crti.o /usr/lib/gcc/i686-pc-linux-gnu/4.7.2/crtbegin.o -L/usr/lib/gcc/i686-pc-linux-gnu/4.7.2 -L/usr/lib/gcc/i686-pc-linux-gnu/4.7.2/../../.. CMakeFiles/cmTryCompileExec756898423.dir/CMakeCXXCompilerABI.cpp.o -lstdc++ -lm -lgcc_s -lgcc -lc -lgcc_s -lgcc /usr/lib/gcc/i686-pc-linux-gnu/4.7.2/crtend.o /usr/lib/gcc/i686-pc-linux-gnu/4.7.2/../../../crtn.o]
    arg [/usr/lib/gcc/i686-pc-linux-gnu/4.7.2/collect2] ==> ignore
    arg [--build-id] ==> ignore
    arg [--eh-frame-hdr] ==> ignore
    arg [--hash-style=gnu] ==> ignore
    arg [-m] ==> ignore
    arg [elf_i386] ==> ignore
    arg [-export-dynamic] ==> ignore
    arg [-dynamic-linker] ==> ignore
    arg [/lib/ld-linux.so.2] ==> ignore
    arg [-o] ==> ignore
    arg [cmTryCompileExec756898423] ==> ignore
    arg [/usr/lib/gcc/i686-pc-linux-gnu/4.7.2/../../../crt1.o] ==> ignore
    arg [/usr/lib/gcc/i686-pc-linux-gnu/4.7.2/../../../crti.o] ==> ignore
    arg [/usr/lib/gcc/i686-pc-linux-gnu/4.7.2/crtbegin.o] ==> ignore
    arg [-L/usr/lib/gcc/i686-pc-linux-gnu/4.7.2] ==> dir [/usr/lib/gcc/i686-pc-linux-gnu/4.7.2]
    arg [-L/usr/lib/gcc/i686-pc-linux-gnu/4.7.2/../../..] ==> dir [/usr/lib/gcc/i686-pc-linux-gnu/4.7.2/../../..]
    arg [CMakeFiles/cmTryCompileExec756898423.dir/CMakeCXXCompilerABI.cpp.o] ==> ignore
    arg [-lstdc++] ==> lib [stdc++]
    arg [-lm] ==> lib [m]
    arg [-lgcc_s] ==> lib [gcc_s]
    arg [-lgcc] ==> lib [gcc]
    arg [-lc] ==> lib [c]
    arg [-lgcc_s] ==> lib [gcc_s]
    arg [-lgcc] ==> lib [gcc]
    arg [/usr/lib/gcc/i686-pc-linux-gnu/4.7.2/crtend.o] ==> ignore
    arg [/usr/lib/gcc/i686-pc-linux-gnu/4.7.2/../../../crtn.o] ==> ignore
  remove lib [gcc_s]
  remove lib [gcc]
  remove lib [gcc_s]
  remove lib [gcc]
  collapse dir [/usr/lib/gcc/i686-pc-linux-gnu/4.7.2] ==> [/usr/lib/gcc/i686-pc-linux-gnu/4.7.2]
  collapse dir [/usr/lib/gcc/i686-pc-linux-gnu/4.7.2/../../..] ==> [/usr/lib]
  implicit libs: [stdc++;m;c]
  implicit dirs: [/usr/lib/gcc/i686-pc-linux-gnu/4.7.2;/usr/lib]


Determining if files pthread.h exist passed with the following output:
Change Dir: /home/andrewb/Documents/spiritedrobotics/server/build/CMakeFiles/CMakeTmp

Run Build Command:/usr/bin/make "cmTryCompileExec338179682/fast"
/usr/bin/make -f CMakeFiles/cmTryCompileExec338179682.dir/build.make CMakeFiles/cmTryCompileExec338179682.dir/build
make[1]: Entering directory `/home/andrewb/Documents/spiritedrobotics/server/build/CMakeFiles/CMakeTmp'
/usr/bin/cmake -E cmake_progress_report /home/andrewb/Documents/spiritedrobotics/server/build/CMakeFiles/CMakeTmp/CMakeFiles 1
Building C object CMakeFiles/cmTryCompileExec338179682.dir/CheckIncludeFiles.c.o
/usr/bin/cc    -o CMakeFiles/cmTryCompileExec338179682.dir/CheckIncludeFiles.c.o   -c /home/andrewb/Documents/spiritedrobotics/server/build/CMakeFiles/CMakeTmp/CheckIncludeFiles.c
Linking C executable cmTryCompileExec338179682
/usr/bin/cmake -E cmake_link_script CMakeFiles/cmTryCompileExec338179682.dir/link.txt --verbose=1
/usr/bin/cc         CMakeFiles/cmTryCompileExec338179682.dir/CheckIncludeFiles.c.o  -o cmTryCompileExec338179682 -rdynamic 
make[1]: Leaving directory `/home/andrewb/Documents/spiritedrobotics/server/build/CMakeFiles/CMakeTmp'


Determining if the function pthread_create exists in the pthread passed with the following output:
Change Dir: /home/andrewb/Documents/spiritedrobotics/server/build/CMakeFiles/CMakeTmp

Run Build Command:/usr/bin/make "cmTryCompileExec3848506886/fast"
/usr/bin/make -f CMakeFiles/cmTryCompileExec3848506886.dir/build.make CMakeFiles/cmTryCompileExec3848506886.dir/build
make[1]: Entering directory `/home/andrewb/Documents/spiritedrobotics/server/build/CMakeFiles/CMakeTmp'
/usr/bin/cmake -E cmake_progress_report /home/andrewb/Documents/spiritedrobotics/server/build/CMakeFiles/CMakeTmp/CMakeFiles 1
Building C object CMakeFiles/cmTryCompileExec3848506886.dir/CheckFunctionExists.c.o
/usr/bin/cc   -DCHECK_FUNCTION_EXISTS=pthread_create   -o CMakeFiles/cmTryCompileExec3848506886.dir/CheckFunctionExists.c.o   -c /usr/share/cmake-2.8/Modules/CheckFunctionExists.c
Linking C executable cmTryCompileExec3848506886
/usr/bin/cmake -E cmake_link_script CMakeFiles/cmTryCompileExec3848506886.dir/link.txt --verbose=1
/usr/bin/cc     -DCHECK_FUNCTION_EXISTS=pthread_create    CMakeFiles/cmTryCompileExec3848506886.dir/CheckFunctionExists.c.o  -o cmTryCompileExec3848506886 -rdynamic -lpthread 
make[1]: Leaving directory `/home/andrewb/Documents/spiritedrobotics/server/build/CMakeFiles/CMakeTmp'


